<?xml version="1.0" encoding="UTF-8"?>
<testsuite xmlns:xsi="http://www.w3.org/2001/XMLSchema-instance" xsi:noNamespaceSchemaLocation="https://maven.apache.org/surefire/maven-surefire-plugin/xsd/surefire-test-report-3.0.xsd" version="3.0" name="TestSuite" time="49.21" tests="7" errors="0" skipped="0" failures="5">
  <properties>
[...]
</properties>
  <testcase name="runScenario[&quot;SignUp scenario&quot;, &quot;Validating Flyaway Workflow&quot;](1)" classname="runner.TestRunner" time="4.228">
    <system-out><![CDATA[
@SignUp
Scenario: SignUp scenario                     &amp#27;[90m# src/test/java/Features/flyaway.feature:3&amp#27;[0m
  &amp#27;[32mGiven &amp#27;[0m&amp#27;[32muser is in flyaway home page&amp#27;[0m          &amp#27;[90m# StepDefinations.SignUpSteps.user_is_in_flyaway_home_page()&amp#27;[0m
  &amp#27;[32mThen &amp#27;[0m&amp#27;[32muser clicks on login/signup&amp#27;[0m            &amp#27;[90m# StepDefinations.SignUpSteps.user_clicks_on_login_signup()&amp#27;[0m
  &amp#27;[32mAnd &amp#27;[0m&amp#27;[32muser clicks on register&amp#27;[0m                 &amp#27;[90m# StepDefinations.SignUpSteps.user_clicks_on_register()&amp#27;[0m
  &amp#27;[32mThen &amp#27;[0m&amp#27;[32muser fill details and click on signup&amp#27;[0m  &amp#27;[90m# StepDefinations.SignUpSteps.user_fill_details_and_click_on_signup()&amp#27;[0m
  &amp#27;[32mThen &amp#27;[0m&amp#27;[32muser gets successfully registered page&amp#27;[0m &amp#27;[90m# StepDefinations.SignUpSteps.user_gets_successfully_registered_page()&amp#27;[0m
]]></system-out>
    <system-err><![CDATA[SLF4J: Failed to load class "org.slf4j.impl.StaticLoggerBinder".
SLF4J: Defaulting to no-operation (NOP) logger implementation
SLF4J: See http://www.slf4j.org/codes.html#StaticLoggerBinder for further details.
Dec 22, 2024 10:32:24 PM org.openqa.selenium.devtools.CdpVersionFinder findNearestMatch
WARNING: Unable to find an exact match for CDP version 131, returning the closest version; found: 128; Please update to a Selenium version that supports CDP version 131
]]></system-err>
  </testcase>
  <testcase name="runScenario[&quot;Login success and failure scenario&quot;, &quot;Validating Flyaway Workflow&quot;](2)" classname="runner.TestRunner" time="1.331">
    <failure message="http://localhost:8083/FlyAwayForCucumber/loginaction expected [http://localhost:8083/FlyAwayForCucumber/loginaction] but found [Login Failed due to incorrect credential]" type="java.lang.AssertionError"><![CDATA[java.lang.AssertionError: http://localhost:8083/FlyAwayForCucumber/loginaction expected [http://localhost:8083/FlyAwayForCucumber/loginaction] but found [Login Failed due to incorrect credential]
	at org.testng.Assert.fail(Assert.java:111)
	at org.testng.Assert.failNotEquals(Assert.java:1578)
	at org.testng.Assert.assertEqualsImpl(Assert.java:150)
	at org.testng.Assert.assertEquals(Assert.java:132)
	at org.testng.Assert.assertEquals(Assert.java:656)
	at StepDefinations.loginSteps.user_gets_login_failed(loginSteps.java:41)
	at ✽.user gets login failed(file:///C:/Users/svksh/eclipse-workspace/CucumberFrameworkForFlyAway/src/test/java/Features/flyaway.feature:14)
]]></failure>
    <system-out><![CDATA[
@Login
Scenario: Login success and failure scenario &amp#27;[90m# src/test/java/Features/flyaway.feature:10&amp#27;[0m
  &amp#27;[32mThen &amp#27;[0m&amp#27;[32muser navigates to login page&amp#27;[0m          &amp#27;[90m# StepDefinations.loginSteps.user_navigates_to_login_page()&amp#27;[0m
  &amp#27;[32mWhen &amp#27;[0m&amp#27;[32muser provide wrong email and password&amp#27;[0m &amp#27;[90m# StepDefinations.loginSteps.user_provide_wrong_email_and_password()&amp#27;[0m
  &amp#27;[32mAnd &amp#27;[0m&amp#27;[32muser clicks on login&amp#27;[0m                   &amp#27;[90m# StepDefinations.loginSteps.user_clicks_on_login()&amp#27;[0m
  &amp#27;[31mThen &amp#27;[0m&amp#27;[31muser gets login failed&amp#27;[0m                &amp#27;[90m# StepDefinations.loginSteps.user_gets_login_failed()&amp#27;[0m
      &amp#27;[31mjava.lang.AssertionError: http://localhost:8083/FlyAwayForCucumber/loginaction expected [http://localhost:8083/FlyAwayForCucumber/loginaction] but found [Login Failed due to incorrect credential]
	at org.testng.Assert.fail(Assert.java:111)
	at org.testng.Assert.failNotEquals(Assert.java:1578)
	at org.testng.Assert.assertEqualsImpl(Assert.java:150)
	at org.testng.Assert.assertEquals(Assert.java:132)
	at org.testng.Assert.assertEquals(Assert.java:656)
	at StepDefinations.loginSteps.user_gets_login_failed(loginSteps.java:41)
	at ✽.user gets login failed(file:///C:/Users/svksh/eclipse-workspace/CucumberFrameworkForFlyAway/src/test/java/Features/flyaway.feature:14)
&amp#27;[0m
  &amp#27;[36mWhen &amp#27;[0m&amp#27;[36muser provide vaild email and password&amp#27;[0m &amp#27;[90m# StepDefinations.loginSteps.user_provide_vaild_email_and_password()&amp#27;[0m
  &amp#27;[36mThen &amp#27;[0m&amp#27;[36muser able to successfully login&amp#27;[0m       &amp#27;[90m# StepDefinations.loginSteps.user_able_to_successfully_login()&amp#27;[0m
]]></system-out>
    <system-err><![CDATA[Dec 22, 2024 10:32:25 PM org.openqa.selenium.devtools.CdpVersionFinder findNearestMatch
WARNING: Unable to find an exact match for CDP version 131, returning the closest version; found: 128; Please update to a Selenium version that supports CDP version 131
]]></system-err>
  </testcase>
  <testcase name="runScenario[&quot;flight booking scenario with payment&quot;, &quot;Validating Flyaway Workflow&quot;](3)" classname="runner.TestRunner" time="16.689">
    <failure message="expected [Fly Away - Booking Confirmation] but found [Fly Away  - Booking Confirmation]" type="java.lang.AssertionError"><![CDATA[java.lang.AssertionError: expected [Fly Away - Booking Confirmation] but found [Fly Away  - Booking Confirmation]
	at org.testng.Assert.fail(Assert.java:111)
	at org.testng.Assert.failNotEquals(Assert.java:1578)
	at org.testng.Assert.assertEqualsImpl(Assert.java:150)
	at org.testng.Assert.assertEquals(Assert.java:132)
	at org.testng.Assert.assertEquals(Assert.java:656)
	at org.testng.Assert.assertEquals(Assert.java:666)
	at StepDefinations.bookingSteps.user_gets_confirmation_of_flight_booking(bookingSteps.java:51)
	at ✽.user gets confirmation of flight booking(file:///C:/Users/svksh/eclipse-workspace/CucumberFrameworkForFlyAway/src/test/java/Features/flyaway.feature:23)
]]></failure>
    <system-out><![CDATA[
@booking
Scenario: flight booking scenario with payment  &amp#27;[90m# src/test/java/Features/flyaway.feature:18&amp#27;[0m
  &amp#27;[32mWhen &amp#27;[0m&amp#27;[32muser in on home page&amp#27;[0m                     &amp#27;[90m# StepDefinations.bookingSteps.user_in_on_home_page()&amp#27;[0m
  &amp#27;[32mThen &amp#27;[0m&amp#27;[32muser clicks on book flight&amp#27;[0m               &amp#27;[90m# StepDefinations.bookingSteps.user_clicks_on_book_flight()&amp#27;[0m
  &amp#27;[32mAnd &amp#27;[0m&amp#27;[32muser navigate to payment gateway page&amp#27;[0m     &amp#27;[90m# StepDefinations.bookingSteps.user_navigate_to_payment_gateway_page()&amp#27;[0m
  &amp#27;[32mWhen &amp#27;[0m&amp#27;[32muser clicks on complete booking&amp#27;[0m          &amp#27;[90m# StepDefinations.bookingSteps.user_clicks_on_complete_booking()&amp#27;[0m
  &amp#27;[31mThen &amp#27;[0m&amp#27;[31muser gets confirmation of flight booking&amp#27;[0m &amp#27;[90m# StepDefinations.bookingSteps.user_gets_confirmation_of_flight_booking()&amp#27;[0m
      &amp#27;[31mjava.lang.AssertionError: expected [Fly Away - Booking Confirmation] but found [Fly Away  - Booking Confirmation]
	at org.testng.Assert.fail(Assert.java:111)
	at org.testng.Assert.failNotEquals(Assert.java:1578)
	at org.testng.Assert.assertEqualsImpl(Assert.java:150)
	at org.testng.Assert.assertEquals(Assert.java:132)
	at org.testng.Assert.assertEquals(Assert.java:656)
	at org.testng.Assert.assertEquals(Assert.java:666)
	at StepDefinations.bookingSteps.user_gets_confirmation_of_flight_booking(bookingSteps.java:51)
	at ✽.user gets confirmation of flight booking(file:///C:/Users/svksh/eclipse-workspace/CucumberFrameworkForFlyAway/src/test/java/Features/flyaway.feature:23)
&amp#27;[0m
]]></system-out>
    <system-err><![CDATA[Dec 22, 2024 10:32:27 PM org.openqa.selenium.devtools.CdpVersionFinder findNearestMatch
WARNING: Unable to find an exact match for CDP version 131, returning the closest version; found: 128; Please update to a Selenium version that supports CDP version 131
]]></system-err>
  </testcase>
  <testcase name="runScenario[&quot;View Bookings scenario&quot;, &quot;Validating Flyaway Workflow&quot;](4)" classname="runner.TestRunner" time="1.386">
    <failure message="invalid selector&#10;from javascript error: {&quot;status&quot;:32,&quot;value&quot;:&quot;The result of the xpath expression \&quot;/html/body/text()[5]\&quot; is: [object Text]. It should be an element.&quot;}&#10;  (Session info: chrome=131.0.6778.139)&#10;For documentation on this error, please visit: https://www.selenium.dev/documentation/webdriver/troubleshooting/errors#invalid-selector-exception&#10;Build info: version: &apos;4.24.0&apos;, revision: &apos;748ffc9bc3&apos;&#10;System info: os.name: &apos;Windows 11&apos;, os.arch: &apos;amd64&apos;, os.version: &apos;10.0&apos;, java.version: &apos;22&apos;&#10;Driver info: org.openqa.selenium.chrome.ChromeDriver&#10;Command: [312bf5396ac9fa9eccacea61cde2d4f1, findElement {using=xpath, value=/html/body/text()[5]}]&#10;Capabilities {acceptInsecureCerts: false, browserName: chrome, browserVersion: 131.0.6778.139, chrome: {chromedriverVersion: 131.0.6778.204 (52183f9e99a..., userDataDir: C:\Users\svksh\AppData\Loca...}, fedcm:accounts: true, goog:chromeOptions: {debuggerAddress: localhost:62410}, networkConnectionEnabled: false, pageLoadStrategy: normal, platformName: windows, proxy: Proxy(), se:cdp: ws://localhost:62410/devtoo..., se:cdpVersion: 131.0.6778.139, setWindowRect: true, strictFileInteractability: false, timeouts: {implicit: 0, pageLoad: 300000, script: 30000}, unhandledPromptBehavior: dismiss and notify, webauthn:extension:credBlob: true, webauthn:extension:largeBlob: true, webauthn:extension:minPinLength: true, webauthn:extension:prf: true, webauthn:virtualAuthenticators: true}&#10;Session ID: 312bf5396ac9fa9eccacea61cde2d4f1" type="org.openqa.selenium.InvalidSelectorException"><![CDATA[org.openqa.selenium.InvalidSelectorException: 
invalid selector
from javascript error: {"status":32,"value":"The result of the xpath expression \"/html/body/text()[5]\" is: [object Text]. It should be an element."}
  (Session info: chrome=131.0.6778.139)
For documentation on this error, please visit: https://www.selenium.dev/documentation/webdriver/troubleshooting/errors#invalid-selector-exception
Build info: version: '4.24.0', revision: '748ffc9bc3'
System info: os.name: 'Windows 11', os.arch: 'amd64', os.version: '10.0', java.version: '22'
Driver info: org.openqa.selenium.chrome.ChromeDriver
Command: [312bf5396ac9fa9eccacea61cde2d4f1, findElement {using=xpath, value=/html/body/text()[5]}]
Capabilities {acceptInsecureCerts: false, browserName: chrome, browserVersion: 131.0.6778.139, chrome: {chromedriverVersion: 131.0.6778.204 (52183f9e99a..., userDataDir: C:\Users\svksh\AppData\Loca...}, fedcm:accounts: true, goog:chromeOptions: {debuggerAddress: localhost:62410}, networkConnectionEnabled: false, pageLoadStrategy: normal, platformName: windows, proxy: Proxy(), se:cdp: ws://localhost:62410/devtoo..., se:cdpVersion: 131.0.6778.139, setWindowRect: true, strictFileInteractability: false, timeouts: {implicit: 0, pageLoad: 300000, script: 30000}, unhandledPromptBehavior: dismiss and notify, webauthn:extension:credBlob: true, webauthn:extension:largeBlob: true, webauthn:extension:minPinLength: true, webauthn:extension:prf: true, webauthn:virtualAuthenticators: true}
Session ID: 312bf5396ac9fa9eccacea61cde2d4f1
	at java.base/jdk.internal.reflect.DirectConstructorHandleAccessor.newInstance(DirectConstructorHandleAccessor.java:62)
	at java.base/java.lang.reflect.Constructor.newInstanceWithCaller(Constructor.java:502)
	at java.base/java.lang.reflect.Constructor.newInstance(Constructor.java:486)
	at org.openqa.selenium.remote.ErrorCodec.decode(ErrorCodec.java:167)
	at org.openqa.selenium.remote.codec.w3c.W3CHttpResponseCodec.decode(W3CHttpResponseCodec.java:138)
	at org.openqa.selenium.remote.codec.w3c.W3CHttpResponseCodec.decode(W3CHttpResponseCodec.java:50)
	at org.openqa.selenium.remote.HttpCommandExecutor.execute(HttpCommandExecutor.java:190)
	at org.openqa.selenium.remote.service.DriverCommandExecutor.invokeExecute(DriverCommandExecutor.java:216)
	at org.openqa.selenium.remote.service.DriverCommandExecutor.execute(DriverCommandExecutor.java:174)
	at org.openqa.selenium.remote.RemoteWebDriver.execute(RemoteWebDriver.java:545)
	at org.openqa.selenium.remote.ElementLocation$ElementFinder$2.findElement(ElementLocation.java:165)
	at org.openqa.selenium.remote.ElementLocation.findElement(ElementLocation.java:59)
	at org.openqa.selenium.remote.RemoteWebDriver.findElement(RemoteWebDriver.java:368)
	at org.openqa.selenium.remote.RemoteWebDriver.findElement(RemoteWebDriver.java:362)
	at StepDefinations.viewBookingSteps.user_able_to_see_bookings(viewBookingSteps.java:30)
	at ✽.user able to see bookings(file:///C:/Users/svksh/eclipse-workspace/CucumberFrameworkForFlyAway/src/test/java/Features/flyaway.feature:28)
]]></failure>
    <system-out><![CDATA[
@viewBooking
Scenario: View Bookings scenario     &amp#27;[90m# src/test/java/Features/flyaway.feature:25&amp#27;[0m
  &amp#27;[32mThen &amp#27;[0m&amp#27;[32muser is on fflyaway home page&amp#27;[0m &amp#27;[90m# StepDefinations.viewBookingSteps.user_is_on_fflyaway_home_page()&amp#27;[0m
  &amp#27;[32mWhen &amp#27;[0m&amp#27;[32muser clicks on your bookings&amp#27;[0m  &amp#27;[90m# StepDefinations.viewBookingSteps.user_clicks_on_your_bookings()&amp#27;[0m
  &amp#27;[31mThen &amp#27;[0m&amp#27;[31muser able to see bookings&amp#27;[0m     &amp#27;[90m# StepDefinations.viewBookingSteps.user_able_to_see_bookings()&amp#27;[0m
      &amp#27;[31morg.openqa.selenium.InvalidSelectorException: invalid selector
from javascript error: {"status":32,"value":"The result of the xpath expression \"/html/body/text()[5]\" is: [object Text]. It should be an element."}
  (Session info: chrome=131.0.6778.139)
For documentation on this error, please visit: https://www.selenium.dev/documentation/webdriver/troubleshooting/errors#invalid-selector-exception
Build info: version: '4.24.0', revision: '748ffc9bc3'
System info: os.name: 'Windows 11', os.arch: 'amd64', os.version: '10.0', java.version: '22'
Driver info: org.openqa.selenium.chrome.ChromeDriver
Command: [312bf5396ac9fa9eccacea61cde2d4f1, findElement {using=xpath, value=/html/body/text()[5]}]
Capabilities {acceptInsecureCerts: false, browserName: chrome, browserVersion: 131.0.6778.139, chrome: {chromedriverVersion: 131.0.6778.204 (52183f9e99a..., userDataDir: C:\Users\svksh\AppData\Loca...}, fedcm:accounts: true, goog:chromeOptions: {debuggerAddress: localhost:62410}, networkConnectionEnabled: false, pageLoadStrategy: normal, platformName: windows, proxy: Proxy(), se:cdp: ws://localhost:62410/devtoo..., se:cdpVersion: 131.0.6778.139, setWindowRect: true, strictFileInteractability: false, timeouts: {implicit: 0, pageLoad: 300000, script: 30000}, unhandledPromptBehavior: dismiss and notify, webauthn:extension:credBlob: true, webauthn:extension:largeBlob: true, webauthn:extension:minPinLength: true, webauthn:extension:prf: true, webauthn:virtualAuthenticators: true}
Session ID: 312bf5396ac9fa9eccacea61cde2d4f1
	at java.base/jdk.internal.reflect.DirectConstructorHandleAccessor.newInstance(DirectConstructorHandleAccessor.java:62)
	at java.base/java.lang.reflect.Constructor.newInstanceWithCaller(Constructor.java:502)
	at java.base/java.lang.reflect.Constructor.newInstance(Constructor.java:486)
	at org.openqa.selenium.remote.ErrorCodec.decode(ErrorCodec.java:167)
	at org.openqa.selenium.remote.codec.w3c.W3CHttpResponseCodec.decode(W3CHttpResponseCodec.java:138)
	at org.openqa.selenium.remote.codec.w3c.W3CHttpResponseCodec.decode(W3CHttpResponseCodec.java:50)
	at org.openqa.selenium.remote.HttpCommandExecutor.execute(HttpCommandExecutor.java:190)
	at org.openqa.selenium.remote.service.DriverCommandExecutor.invokeExecute(DriverCommandExecutor.java:216)
	at org.openqa.selenium.remote.service.DriverCommandExecutor.execute(DriverCommandExecutor.java:174)
	at org.openqa.selenium.remote.RemoteWebDriver.execute(RemoteWebDriver.java:545)
	at org.openqa.selenium.remote.ElementLocation$ElementFinder$2.findElement(ElementLocation.java:165)
	at org.openqa.selenium.remote.ElementLocation.findElement(ElementLocation.java:59)
	at org.openqa.selenium.remote.RemoteWebDriver.findElement(RemoteWebDriver.java:368)
	at org.openqa.selenium.remote.RemoteWebDriver.findElement(RemoteWebDriver.java:362)
	at StepDefinations.viewBookingSteps.user_able_to_see_bookings(viewBookingSteps.java:30)
	at ✽.user able to see bookings(file:///C:/Users/svksh/eclipse-workspace/CucumberFrameworkForFlyAway/src/test/java/Features/flyaway.feature:28)
&amp#27;[0m
]]></system-out>
    <system-err><![CDATA[Dec 22, 2024 10:32:43 PM org.openqa.selenium.devtools.CdpVersionFinder findNearestMatch
WARNING: Unable to find an exact match for CDP version 131, returning the closest version; found: 128; Please update to a Selenium version that supports CDP version 131
]]></system-err>
  </testcase>
  <testcase name="runScenario[&quot;From and To flight search scenario&quot;, &quot;Validating Flyaway Workflow&quot;](5)" classname="runner.TestRunner" time="1.306">
    <system-out><![CDATA[
@search
Scenario: From and To flight search scenario                &amp#27;[90m# src/test/java/Features/flyaway.feature:30&amp#27;[0m
  &amp#27;[32mThen &amp#27;[0m&amp#27;[32muser click on from dropdown and select place&amp#27;[0m         &amp#27;[90m# StepDefinations.searchForFlight.user_click_on_from_dropdown_and_select_place()&amp#27;[0m
  &amp#27;[32mAnd &amp#27;[0m&amp#27;[32muser click on to dropdown and select place&amp#27;[0m            &amp#27;[90m# StepDefinations.searchForFlight.user_click_on_to_dropdown_and_select_place()&amp#27;[0m
  &amp#27;[32mWhen &amp#27;[0m&amp#27;[32muser click on submit&amp#27;[0m                                 &amp#27;[90m# StepDefinations.searchForFlight.user_click_on_submit()&amp#27;[0m
  &amp#27;[32mThen &amp#27;[0m&amp#27;[32muser able to see flight in provided src to dest path&amp#27;[0m &amp#27;[90m# StepDefinations.searchForFlight.user_able_to_see_flight_in_provided_src_to_dest_path()&amp#27;[0m
]]></system-out>
    <system-err><![CDATA[Dec 22, 2024 10:32:45 PM org.openqa.selenium.devtools.CdpVersionFinder findNearestMatch
WARNING: Unable to find an exact match for CDP version 131, returning the closest version; found: 128; Please update to a Selenium version that supports CDP version 131
]]></system-err>
  </testcase>
  <testcase name="runScenario[&quot;From and To - no flight search scenario&quot;, &quot;Validating Flyaway Workflow&quot;](6)" classname="runner.TestRunner" time="11.347">
    <failure message="no such element: Unable to locate element: {&quot;method&quot;:&quot;xpath&quot;,&quot;selector&quot;:&quot;/html/body/table/tbody/tr[2]&quot;}&#10;  (Session info: chrome=131.0.6778.139)&#10;For documentation on this error, please visit: https://www.selenium.dev/documentation/webdriver/troubleshooting/errors#no-such-element-exception&#10;Build info: version: &apos;4.24.0&apos;, revision: &apos;748ffc9bc3&apos;&#10;System info: os.name: &apos;Windows 11&apos;, os.arch: &apos;amd64&apos;, os.version: &apos;10.0&apos;, java.version: &apos;22&apos;&#10;Driver info: org.openqa.selenium.chrome.ChromeDriver&#10;Command: [05240aae624b7583b7bf8ab2cf9b0a59, findElement {using=xpath, value=/html/body/table/tbody/tr[2]}]&#10;Capabilities {acceptInsecureCerts: false, browserName: chrome, browserVersion: 131.0.6778.139, chrome: {chromedriverVersion: 131.0.6778.204 (52183f9e99a..., userDataDir: C:\Users\svksh\AppData\Loca...}, fedcm:accounts: true, goog:chromeOptions: {debuggerAddress: localhost:62452}, networkConnectionEnabled: false, pageLoadStrategy: normal, platformName: windows, proxy: Proxy(), se:cdp: ws://localhost:62452/devtoo..., se:cdpVersion: 131.0.6778.139, setWindowRect: true, strictFileInteractability: false, timeouts: {implicit: 0, pageLoad: 300000, script: 30000}, unhandledPromptBehavior: dismiss and notify, webauthn:extension:credBlob: true, webauthn:extension:largeBlob: true, webauthn:extension:minPinLength: true, webauthn:extension:prf: true, webauthn:virtualAuthenticators: true}&#10;Session ID: 05240aae624b7583b7bf8ab2cf9b0a59" type="org.openqa.selenium.NoSuchElementException"><![CDATA[org.openqa.selenium.NoSuchElementException: 
no such element: Unable to locate element: {"method":"xpath","selector":"/html/body/table/tbody/tr[2]"}
  (Session info: chrome=131.0.6778.139)
For documentation on this error, please visit: https://www.selenium.dev/documentation/webdriver/troubleshooting/errors#no-such-element-exception
Build info: version: '4.24.0', revision: '748ffc9bc3'
System info: os.name: 'Windows 11', os.arch: 'amd64', os.version: '10.0', java.version: '22'
Driver info: org.openqa.selenium.chrome.ChromeDriver
Command: [05240aae624b7583b7bf8ab2cf9b0a59, findElement {using=xpath, value=/html/body/table/tbody/tr[2]}]
Capabilities {acceptInsecureCerts: false, browserName: chrome, browserVersion: 131.0.6778.139, chrome: {chromedriverVersion: 131.0.6778.204 (52183f9e99a..., userDataDir: C:\Users\svksh\AppData\Loca...}, fedcm:accounts: true, goog:chromeOptions: {debuggerAddress: localhost:62452}, networkConnectionEnabled: false, pageLoadStrategy: normal, platformName: windows, proxy: Proxy(), se:cdp: ws://localhost:62452/devtoo..., se:cdpVersion: 131.0.6778.139, setWindowRect: true, strictFileInteractability: false, timeouts: {implicit: 0, pageLoad: 300000, script: 30000}, unhandledPromptBehavior: dismiss and notify, webauthn:extension:credBlob: true, webauthn:extension:largeBlob: true, webauthn:extension:minPinLength: true, webauthn:extension:prf: true, webauthn:virtualAuthenticators: true}
Session ID: 05240aae624b7583b7bf8ab2cf9b0a59
	at java.base/jdk.internal.reflect.DirectConstructorHandleAccessor.newInstance(DirectConstructorHandleAccessor.java:62)
	at java.base/java.lang.reflect.Constructor.newInstanceWithCaller(Constructor.java:502)
	at java.base/java.lang.reflect.Constructor.newInstance(Constructor.java:486)
	at org.openqa.selenium.remote.ErrorCodec.decode(ErrorCodec.java:167)
	at org.openqa.selenium.remote.codec.w3c.W3CHttpResponseCodec.decode(W3CHttpResponseCodec.java:138)
	at org.openqa.selenium.remote.codec.w3c.W3CHttpResponseCodec.decode(W3CHttpResponseCodec.java:50)
	at org.openqa.selenium.remote.HttpCommandExecutor.execute(HttpCommandExecutor.java:190)
	at org.openqa.selenium.remote.service.DriverCommandExecutor.invokeExecute(DriverCommandExecutor.java:216)
	at org.openqa.selenium.remote.service.DriverCommandExecutor.execute(DriverCommandExecutor.java:174)
	at org.openqa.selenium.remote.RemoteWebDriver.execute(RemoteWebDriver.java:545)
	at org.openqa.selenium.remote.ElementLocation$ElementFinder$2.findElement(ElementLocation.java:165)
	at org.openqa.selenium.remote.ElementLocation.findElement(ElementLocation.java:59)
	at org.openqa.selenium.remote.RemoteWebDriver.findElement(RemoteWebDriver.java:368)
	at org.openqa.selenium.remote.RemoteWebDriver.findElement(RemoteWebDriver.java:362)
	at StepDefinations.secondSearchForFlight.user_see_empty_list(secondSearchForFlight.java:45)
	at ✽.user see empty list(file:///C:/Users/svksh/eclipse-workspace/CucumberFrameworkForFlyAway/src/test/java/Features/flyaway.feature:40)
]]></failure>
    <system-out><![CDATA[
@search2
Scenario: From and To - no flight search scenario &amp#27;[90m# src/test/java/Features/flyaway.feature:36&amp#27;[0m
  &amp#27;[32mAnd &amp#27;[0m&amp#27;[32muser select place from FROM dropdown&amp#27;[0m        &amp#27;[90m# StepDefinations.secondSearchForFlight.user_select_place_from_from_dropdown()&amp#27;[0m
  &amp#27;[32mThen &amp#27;[0m&amp#27;[32muser select place from TO dropdown&amp#27;[0m         &amp#27;[90m# StepDefinations.secondSearchForFlight.user_select_place_from_to_dropdown()&amp#27;[0m
  &amp#27;[32mAnd &amp#27;[0m&amp#27;[32muser clicks on submit&amp#27;[0m                       &amp#27;[90m# StepDefinations.secondSearchForFlight.user_clicks_on_submit()&amp#27;[0m
  &amp#27;[31mBut &amp#27;[0m&amp#27;[31muser see empty list&amp#27;[0m                         &amp#27;[90m# StepDefinations.secondSearchForFlight.user_see_empty_list()&amp#27;[0m
      &amp#27;[31morg.openqa.selenium.NoSuchElementException: no such element: Unable to locate element: {"method":"xpath","selector":"/html/body/table/tbody/tr[2]"}
  (Session info: chrome=131.0.6778.139)
For documentation on this error, please visit: https://www.selenium.dev/documentation/webdriver/troubleshooting/errors#no-such-element-exception
Build info: version: '4.24.0', revision: '748ffc9bc3'
System info: os.name: 'Windows 11', os.arch: 'amd64', os.version: '10.0', java.version: '22'
Driver info: org.openqa.selenium.chrome.ChromeDriver
Command: [05240aae624b7583b7bf8ab2cf9b0a59, findElement {using=xpath, value=/html/body/table/tbody/tr[2]}]
Capabilities {acceptInsecureCerts: false, browserName: chrome, browserVersion: 131.0.6778.139, chrome: {chromedriverVersion: 131.0.6778.204 (52183f9e99a..., userDataDir: C:\Users\svksh\AppData\Loca...}, fedcm:accounts: true, goog:chromeOptions: {debuggerAddress: localhost:62452}, networkConnectionEnabled: false, pageLoadStrategy: normal, platformName: windows, proxy: Proxy(), se:cdp: ws://localhost:62452/devtoo..., se:cdpVersion: 131.0.6778.139, setWindowRect: true, strictFileInteractability: false, timeouts: {implicit: 0, pageLoad: 300000, script: 30000}, unhandledPromptBehavior: dismiss and notify, webauthn:extension:credBlob: true, webauthn:extension:largeBlob: true, webauthn:extension:minPinLength: true, webauthn:extension:prf: true, webauthn:virtualAuthenticators: true}
Session ID: 05240aae624b7583b7bf8ab2cf9b0a59
	at java.base/jdk.internal.reflect.DirectConstructorHandleAccessor.newInstance(DirectConstructorHandleAccessor.java:62)
	at java.base/java.lang.reflect.Constructor.newInstanceWithCaller(Constructor.java:502)
	at java.base/java.lang.reflect.Constructor.newInstance(Constructor.java:486)
	at org.openqa.selenium.remote.ErrorCodec.decode(ErrorCodec.java:167)
	at org.openqa.selenium.remote.codec.w3c.W3CHttpResponseCodec.decode(W3CHttpResponseCodec.java:138)
	at org.openqa.selenium.remote.codec.w3c.W3CHttpResponseCodec.decode(W3CHttpResponseCodec.java:50)
	at org.openqa.selenium.remote.HttpCommandExecutor.execute(HttpCommandExecutor.java:190)
	at org.openqa.selenium.remote.service.DriverCommandExecutor.invokeExecute(DriverCommandExecutor.java:216)
	at org.openqa.selenium.remote.service.DriverCommandExecutor.execute(DriverCommandExecutor.java:174)
	at org.openqa.selenium.remote.RemoteWebDriver.execute(RemoteWebDriver.java:545)
	at org.openqa.selenium.remote.ElementLocation$ElementFinder$2.findElement(ElementLocation.java:165)
	at org.openqa.selenium.remote.ElementLocation.findElement(ElementLocation.java:59)
	at org.openqa.selenium.remote.RemoteWebDriver.findElement(RemoteWebDriver.java:368)
	at org.openqa.selenium.remote.RemoteWebDriver.findElement(RemoteWebDriver.java:362)
	at StepDefinations.secondSearchForFlight.user_see_empty_list(secondSearchForFlight.java:45)
	at ✽.user see empty list(file:///C:/Users/svksh/eclipse-workspace/CucumberFrameworkForFlyAway/src/test/java/Features/flyaway.feature:40)
&amp#27;[0m
]]></system-out>
    <system-err><![CDATA[Dec 22, 2024 10:32:46 PM org.openqa.selenium.devtools.CdpVersionFinder findNearestMatch
WARNING: Unable to find an exact match for CDP version 131, returning the closest version; found: 128; Please update to a Selenium version that supports CDP version 131
]]></system-err>
  </testcase>
  <testcase name="runScenario[&quot;Edit profile scenario&quot;, &quot;Validating Flyaway Workflow&quot;](7)" classname="runner.TestRunner" time="12.117">
    <failure message="expected [http://localhost:8083/FlyAway/editprofile] but found [http://localhost:8083/FlyAwayForCucumber/dashboard]" type="java.lang.AssertionError"><![CDATA[java.lang.AssertionError: expected [http://localhost:8083/FlyAway/editprofile] but found [http://localhost:8083/FlyAwayForCucumber/dashboard]
	at org.testng.Assert.fail(Assert.java:111)
	at org.testng.Assert.failNotEquals(Assert.java:1578)
	at org.testng.Assert.assertEqualsImpl(Assert.java:150)
	at org.testng.Assert.assertEquals(Assert.java:132)
	at org.testng.Assert.assertEquals(Assert.java:656)
	at org.testng.Assert.assertEquals(Assert.java:666)
	at StepDefinations.editProfileSteps.user_navigated_to_edit_profile_page(editProfileSteps.java:27)
	at ✽.user navigated to edit profile page(file:///C:/Users/svksh/eclipse-workspace/CucumberFrameworkForFlyAway/src/test/java/Features/flyaway.feature:44)
]]></failure>
    <system-out><![CDATA[
@editProfile
Scenario: Edit profile scenario           &amp#27;[90m# src/test/java/Features/flyaway.feature:42&amp#27;[0m
  &amp#27;[32mThen &amp#27;[0m&amp#27;[32muser clicks on edit profile option&amp#27;[0m &amp#27;[90m# StepDefinations.editProfileSteps.user_clicks_on_edit_profile_option()&amp#27;[0m
  &amp#27;[31mAnd &amp#27;[0m&amp#27;[31muser navigated to edit profile page&amp#27;[0m &amp#27;[90m# StepDefinations.editProfileSteps.user_navigated_to_edit_profile_page()&amp#27;[0m
      &amp#27;[31mjava.lang.AssertionError: expected [http://localhost:8083/FlyAway/editprofile] but found [http://localhost:8083/FlyAwayForCucumber/dashboard]
	at org.testng.Assert.fail(Assert.java:111)
	at org.testng.Assert.failNotEquals(Assert.java:1578)
	at org.testng.Assert.assertEqualsImpl(Assert.java:150)
	at org.testng.Assert.assertEquals(Assert.java:132)
	at org.testng.Assert.assertEquals(Assert.java:656)
	at org.testng.Assert.assertEquals(Assert.java:666)
	at StepDefinations.editProfileSteps.user_navigated_to_edit_profile_page(editProfileSteps.java:27)
	at ✽.user navigated to edit profile page(file:///C:/Users/svksh/eclipse-workspace/CucumberFrameworkForFlyAway/src/test/java/Features/flyaway.feature:44)
&amp#27;[0m
  &amp#27;[36mThen &amp#27;[0m&amp#27;[36muser change details&amp#27;[0m                &amp#27;[90m# StepDefinations.editProfileSteps.user_change_details()&amp#27;[0m
  &amp#27;[36mAnd &amp#27;[0m&amp#27;[36muser provided passwords&amp#27;[0m             &amp#27;[90m# StepDefinations.editProfileSteps.user_provided_passwords()&amp#27;[0m
  &amp#27;[36mThen &amp#27;[0m&amp#27;[36muser clicks on update&amp#27;[0m              &amp#27;[90m# StepDefinations.editProfileSteps.user_clicks_on_update()&amp#27;[0m
  &amp#27;[36mAnd &amp#27;[0m&amp#27;[36muser successfully edited profile&amp#27;[0m    &amp#27;[90m# StepDefinations.editProfileSteps.user_successfully_edited_profile()&amp#27;[0m
]]></system-out>
    <system-err><![CDATA[Dec 22, 2024 10:32:58 PM org.openqa.selenium.devtools.CdpVersionFinder findNearestMatch
WARNING: Unable to find an exact match for CDP version 131, returning the closest version; found: 128; Please update to a Selenium version that supports CDP version 131
]]></system-err>
  </testcase>
</testsuite>